Logfile for Installing Paasmer...
/home/pi/hari/SBC-Python-SDK-V2_0_2_1_NEw
/home/root
--> Installing...\n
--> Installing requerments.......
Configuring data...
"a3rwl3kghmkdtx.iot.us-west-2.amazonaws.com"
aruntest1
SSH is enabled and the default password for the 'pi' user has not been changed. This is a security risk - please login as the 'pi' user and type 'passwd' to set a new password. { "thingArn": "arn:aws:iot:us-west-2:039065299133:thing/76e83a62-954e-11e7-bfb9-b30e601a5688", "thingName": "76e83a62-954e-11e7-bfb9-b30e601a5688" }

SSH is enabled and the default password for the 'pi' user has not been changed.
This is a security risk - please login as the 'pi' user and type 'passwd' to set a new password.

{
    "certificateArn": "arn:aws:iot:us-west-2:039065299133:cert/3868df36be41eedb1ce980712c27769c2deacefec59dcd425e5daa39ad620a94", 
    "certificatePem": "-----BEGIN CERTIFICATE-----\nMIIDWjCCAkKgAwIBAgIVAOgdMsKfnzlmLIvRMpZ+q2s0KsKZMA0GCSqGSIb3DQEB\nCwUAME0xSzBJBgNVBAsMQkFtYXpvbiBXZWIgU2VydmljZXMgTz1BbWF6b24uY29t\nIEluYy4gTD1TZWF0dGxlIFNUPVdhc2hpbmd0b24gQz1VUzAeFw0xNzA5MDkxMTAy\nMTdaFw00OTEyMzEyMzU5NTlaMB4xHDAaBgNVBAMME0FXUyBJb1QgQ2VydGlmaWNh\ndGUwggEiMA0GCSqGSIb3DQEBAQUAA4IBDwAwggEKAoIBAQDInA0z1/xOHu4cb+iZ\nQhtB20Z2l8xscOiNVNeA9RNaPs7Zbtgf+hk+R5Zc301afHirAc6mD+/j90Pyem++\nVD2aTlzarjzorh+rQb70l1ldafXSECAmtgg2RNG+3SYz0CvlZh2Xj4ZFRzmTgJz/\nUTijcJmOh4C0Q6r8jqFSy0S/VMqB6kb3kRg4NnqYBsa04GMt/DgVNfbF8gKNbKm4\nU2GcGwj5Tg44hDyrsRSf0WSbLOmQAoSHk6T6/EmmP0F+8qc7oxppRIaf1U5m9LQv\nZJXnTArhKdBQj0e+BgdV4xW1WRyumWpPBipgJweOYwaab5q2TgWgvxhA8USnzyRO\nEKOxAgMBAAGjYDBeMB8GA1UdIwQYMBaAFPgZ89PYAwbMmTKPj7dflCFTJUh+MB0G\nA1UdDgQWBBRv06Lo2tf1iPOLCTihJQykRDL5UjAMBgNVHRMBAf8EAjAAMA4GA1Ud\nDwEB/wQEAwIHgDANBgkqhkiG9w0BAQsFAAOCAQEAkMPshwa5dnp9P0iavFWZCHxt\ndBrHh7XblnbK2zwfWaOIMho7zl3T18t3oDqzrGZAkDW5CImosjF1poJsN1ae39oc\nhcvdC0Q8+n0H1BaSUWZ7uK/+0riArxvArb2ESHa169kzB+m0fzJxzMC1jGb7yyn2\naULZgKiUmd8yn8/Mfmg4m7K/+FjaIezIfHRIRQL3Z09q0QO2Ql2OIuAAroxYTcUF\n55kTpzk+jt9GUc5fVEHZHyrFs7zPlBlPRDQEFGTEgP+QWYLuhQyeV1plwHC8F/KK\n0R368BsrYl2ob9VAtNI+qlNC9s7bl590zZJKTc644Aq0WGKXaguyFSITo8YepQ==\n-----END CERTIFICATE-----\n", 
    "keyPair": {
        "PublicKey": "-----BEGIN PUBLIC KEY-----\nMIIBIjANBgkqhkiG9w0BAQEFAAOCAQ8AMIIBCgKCAQEAyJwNM9f8Th7uHG/omUIb\nQdtGdpfMbHDojVTXgPUTWj7O2W7YH/oZPkeWXN9NWnx4qwHOpg/v4/dD8npvvlQ9\nmk5c2q486K4fq0G+9JdZXWn10hAgJrYINkTRvt0mM9Ar5WYdl4+GRUc5k4Cc/1E4\no3CZjoeAtEOq/I6hUstEv1TKgepG95EYODZ6mAbGtOBjLfw4FTX2xfICjWypuFNh\nnBsI+U4OOIQ8q7EUn9FkmyzpkAKEh5Ok+vxJpj9BfvKnO6MaaUSGn9VOZvS0L2SV\n50wK4SnQUI9HvgYHVeMVtVkcrplqTwYqYCcHjmMGmm+atk4FoL8YQPFEp88kThCj\nsQIDAQAB\n-----END PUBLIC KEY-----\n", 
        "PrivateKey": "-----BEGIN RSA PRIVATE KEY-----\nMIIEowIBAAKCAQEAyJwNM9f8Th7uHG/omUIbQdtGdpfMbHDojVTXgPUTWj7O2W7Y\nH/oZPkeWXN9NWnx4qwHOpg/v4/dD8npvvlQ9mk5c2q486K4fq0G+9JdZXWn10hAg\nJrYINkTRvt0mM9Ar5WYdl4+GRUc5k4Cc/1E4o3CZjoeAtEOq/I6hUstEv1TKgepG\n95EYODZ6mAbGtOBjLfw4FTX2xfICjWypuFNhnBsI+U4OOIQ8q7EUn9FkmyzpkAKE\nh5Ok+vxJpj9BfvKnO6MaaUSGn9VOZvS0L2SV50wK4SnQUI9HvgYHVeMVtVkcrplq\nTwYqYCcHjmMGmm+atk4FoL8YQPFEp88kThCjsQIDAQABAoIBAQCEZRkBgiXtmNQk\nyGaF3u8GQ6T5V61+U/XmcHvZi+S9xn3VWiYg1HocdDp0CJuQgF1S3tp3FkWH+gRJ\n3ywoPIh7cgQt/pgMJ/6Wk8lmuwwrbmbhv+q4IaLBziFvCZzQzS5rMz2MbRh8WElT\nY6o5hm0O0J1HR35VeeM60xb9AVHZwvyQYAzzjh6+nW2+E8uiAd1sabnv1pAEamGy\npJIWIXBEnfuLdlTD4FSw1w38AG1bJiJw8ZixntlUHU5GBlpsr9XMK3gm9MEo89hN\nVwLAzT+2Md3nbNYg8wv8GygcpP2Bttey70RWPKDFu5UTruIT7EsTcJB5c208iEUb\nNDVhBA6RAoGBAOxM9eXbexNAY7sDSCdMTN9Lsahd7XDZZfYufNvGVHj6oBKDHDIy\nVm/QZCOs6wbvWxUC7ncIC2X2wIbF4WVG4EEvlYaMikxvB0m2K0t2r0N5WHkf4s6c\nfsCB4g+Jxu2krRJ0QVE+uqABr6pG2k5JJdbKRtkwS+bJx5aJU+YhgGjDAoGBANlV\nYtD6Nlibs7VC9ht0tnaQo/f++Ac+eQZNzl7qkIVNFqxxx7LQ81fAjJA9vyDH8uUn\nIfbMXGfo5YuxiItBaQLxUPSPoreWjgpdmJ0px/OK5ZmzxCsTuqcbVO1PdBjfkU1i\nSlLAUISmOUV3beK0Bf03sjQrS5el3XXAY2wSs5p7AoGAV5DVds50t1efHYhDzrxJ\nqF3Gghv8h1som6fygQbn+sT1WKbZZgidW2YgFdBYcAN2/zxM3jNO9gQQqGDf+8Xe\nCIn3oRqnjVd/neMx/A8JN7nZ/VjBlcsMdY4sFZH688mYkUQfiFn0kqLNVA5Zi7Uz\nnnrq8kUhe26+1ZwiSR+VFD0CgYB81OGUXROYI56+L38C2C/xvDSiPm4iYwzKxSgT\nNrHaDyRF2ni0yfXr4moac4zzfEWUv7xvcIRnHsuySD/AlMqHaSpxvorc3noplAcT\nxqrVxWMJvMqhX4ynbTiDsk5h9xATnbBJBbN57awZrXaNb4+9GR+ffXrG2PtyJhY1\nPiyxPwKBgCvVGcJ21pe702gbnzjir5Ksh6KHLXWB1kQfcpI2IQFt2xhuJ/stGa3X\nywE6K1I2pW4viYzPSeZ+/OaUIoy6EdiOrnhG+HYeWvBtrhzeQEXMbJcxAZKLwagR\nIXPrjMpWVVKEM+YMsrgFWlQWFSmIgxHsnAWkn9VMrUG5xv0rJuGE\n-----END RSA PRIVATE KEY-----\n"
    }, 
    "certificateId": "3868df36be41eedb1ce980712c27769c2deacefec59dcd425e5daa39ad620a94"
}
"arn:aws:iot:us-west-2:039065299133:cert/3868df36be41eedb1ce980712c27769c2deacefec59dcd425e5daa39ad620a94"

SSH is enabled and the default password for the 'pi' user has not been changed.
This is a security risk - please login as the 'pi' user and type 'passwd' to set a new password.

{
    "policyName": "76e83a62-954e-11e7-bfb9-b30e601a5688", 
    "policyArn": "arn:aws:iot:us-west-2:039065299133:policy/76e83a62-954e-11e7-bfb9-b30e601a5688", 
    "policyDocument": "{ \"Version\": \"2012-10-17\", \"Statement\": [{\"Action\": [\"iot:*\"], \"Resource\": [\"*\"], \"Effect\": \"Allow\" }] }", 
    "policyVersionId": "1"
}
Added to PAASMER alias...\n
File Transfered successfully....
aruntest1
